c:\users\huipu\documents\visual studio 2013\projects\c++ study\httpanalysis\httpanalysis\debug\httpanalysis.pch
c:\users\huipu\documents\visual studio 2013\projects\c++ study\httpanalysis\httpanalysis\debug\vc120.pdb
c:\users\huipu\documents\visual studio 2013\projects\c++ study\httpanalysis\httpanalysis\debug\vc120.idb
c:\users\huipu\documents\visual studio 2013\projects\c++ study\httpanalysis\httpanalysis\debug\stdafx.obj
c:\users\huipu\documents\visual studio 2013\projects\c++ study\httpanalysis\httpanalysis\debug\tabhtmlbody.obj
c:\users\huipu\documents\visual studio 2013\projects\c++ study\httpanalysis\httpanalysis\debug\tabhtmlget.obj
c:\users\huipu\documents\visual studio 2013\projects\c++ study\httpanalysis\httpanalysis\debug\tabhtmlhead.obj
c:\users\huipu\documents\visual studio 2013\projects\c++ study\httpanalysis\debug\httpanalysis.ilk
c:\users\huipu\documents\visual studio 2013\projects\c++ study\httpanalysis\debug\httpanalysis.exe
c:\users\huipu\documents\visual studio 2013\projects\c++ study\httpanalysis\debug\httpanalysis.pdb
c:\users\huipu\documents\visual studio 2013\projects\c++ study\httpanalysis\httpanalysis\debug\httpanalysis.res
c:\users\huipu\documents\visual studio 2013\projects\c++ study\httpanalysis\httpanalysis\debug\httpanalysis.tlog\cl.command.1.tlog
c:\users\huipu\documents\visual studio 2013\projects\c++ study\httpanalysis\httpanalysis\debug\httpanalysis.tlog\cl.read.1.tlog
c:\users\huipu\documents\visual studio 2013\projects\c++ study\httpanalysis\httpanalysis\debug\httpanalysis.tlog\cl.write.1.tlog
c:\users\huipu\documents\visual studio 2013\projects\c++ study\httpanalysis\httpanalysis\debug\httpanalysis.tlog\link.command.1.tlog
c:\users\huipu\documents\visual studio 2013\projects\c++ study\httpanalysis\httpanalysis\debug\httpanalysis.tlog\link.read.1.tlog
c:\users\huipu\documents\visual studio 2013\projects\c++ study\httpanalysis\httpanalysis\debug\httpanalysis.tlog\link.write.1.tlog
c:\users\huipu\documents\visual studio 2013\projects\c++ study\httpanalysis\httpanalysis\debug\httpanalysis.tlog\rc.command.1.tlog
c:\users\huipu\documents\visual studio 2013\projects\c++ study\httpanalysis\httpanalysis\debug\httpanalysis.tlog\rc.read.1.tlog
c:\users\huipu\documents\visual studio 2013\projects\c++ study\httpanalysis\httpanalysis\debug\httpanalysis.tlog\rc.write.1.tlog
